<?xml version="1.0" encoding="UTF-8"?>
<!-- Generated by org.testng.reporters.JUnitReportReporter -->
<testsuite hostname="MacBook-Pro.local" failures="0" tests="1" name="org.fadhilacademy.TC_Homepage.TC_ScrollDownUp" time="16.327" errors="0" timestamp="2023-09-22T14:07:08 WIB" skipped="0">
  <testcase classname="org.fadhilacademy.TC_Homepage.TC_ScrollDownUp" name="TC_ScrollDownUp" time="16.327"/>
</testsuite> <!-- org.fadhilacademy.TC_Homepage.TC_ScrollDownUp -->
